\BOOKMARK [0][-]{chapter.1}{\376\377\000I\000n\000t\000r\000o\000d\000u\000c\000t\000i\000o\000n}{}% 1
\BOOKMARK [-1][-]{part.1}{\376\377\000I\000\040\000M\000a\000n\000u\000e\000l\000\040\000d\000e\000\040\000l\000'\000u\000t\000i\000l\000i\000s\000a\000t\000e\000u\000r}{}% 2
\BOOKMARK [-1][-]{part.2}{\376\377\000I\000I\000\040\000M\000a\000n\000u\000e\000l\000\040\000d\000u\000\040\000d\000\351\000v\000e\000l\000o\000p\000p\000e\000u\000r}{}% 3
\BOOKMARK [0][-]{chapter.2}{\376\377\000S\000e\000r\000v\000i\000c\000e\000s\000\040\000d\000e\000\040\000b\000a\000s\000e}{part.2}% 4
\BOOKMARK [1][-]{section.2.1}{\376\377\000|\000c\000o\000m\000m\000a\000n\000d\000s\000|}{chapter.2}% 5
\BOOKMARK [1][-]{section.2.2}{\376\377\000|\000d\000a\000t\000a\000s\000t\000o\000r\000e\000|}{chapter.2}% 6
\BOOKMARK [2][-]{subsection.2.2.1}{\376\377\000|\000p\000u\000l\000l\000|}{section.2.2}% 7
\BOOKMARK [2][-]{subsection.2.2.2}{\376\377\000|\000p\000u\000s\000h\000|}{section.2.2}% 8
\BOOKMARK [2][-]{subsection.2.2.3}{\376\377\000|\000g\000e\000t\000l\000a\000s\000t\000|}{section.2.2}% 9
\BOOKMARK [1][-]{section.2.3}{\376\377\000|\000m\000a\000i\000l\000|}{chapter.2}% 10
\BOOKMARK [2][-]{subsection.2.3.1}{\376\377\000|\000s\000e\000n\000d\000|}{section.2.3}% 11
\BOOKMARK [1][-]{section.2.4}{\376\377\000|\000m\000o\000d\000e\000l\000s\000|}{chapter.2}% 12
\BOOKMARK [1][-]{section.2.5}{\376\377\000|\000m\000q\000t\000t\000|}{chapter.2}% 13
\BOOKMARK [2][-]{subsection.2.5.1}{\376\377\000F\000o\000n\000c\000t\000i\000o\000n\000n\000e\000m\000e\000n\000t\000\040\000i\000n\000t\000e\000r\000n\000e}{section.2.5}% 14
\BOOKMARK [1][-]{section.2.6}{\376\377\000|\000p\000l\000u\000g\000i\000n\000|}{chapter.2}% 15
\BOOKMARK [2][-]{subsection.2.6.1}{\376\377\000C\000a\000r\000a\000c\000t\000\351\000r\000i\000s\000t\000i\000q\000u\000e\000s\000\040\000d\000'\000u\000n\000\040\000p\000l\000u\000g\000i\000n}{section.2.6}% 16
\BOOKMARK [2][-]{subsection.2.6.2}{\376\377\000S\000e\000r\000v\000i\000c\000e\000\040\000a\000s\000s\000o\000c\000i\000\351}{section.2.6}% 17
\BOOKMARK [1][-]{section.2.7}{\376\377\000|\000s\000y\000s\000t\000e\000m\000|}{chapter.2}% 18
\BOOKMARK [1][-]{section.2.8}{\376\377\000|\000t\000a\000s\000k\000|}{chapter.2}% 19
\BOOKMARK [2][-]{subsection.2.8.1}{\376\377\000|\000C\000a\000r\000a\000c\000t\000\351\000r\000i\000s\000t\000i\000q\000u\000e\000\040\000d\000'\000u\000n\000e\000\040\000T\000a\000s\000k\000|}{section.2.8}% 20
\BOOKMARK [1][-]{section.2.9}{\376\377\000|\000w\000e\000b\000|}{chapter.2}% 21
\BOOKMARK [0][-]{chapter.3}{\376\377\000C\000o\000n\000c\000l\000u\000s\000i\000o\000n}{part.2}% 22
\BOOKMARK [-1][-]{part.3}{\376\377\000I\000I\000I\000\040\000E\000x\000e\000r\000c\000i\000c\000e\000s}{}% 23
